[2025-04-20 20:58:21] INFO: No se encontró archivo de estado. Iniciando con valores por defecto.
[2025-04-20 20:58:21] INFO: Iniciando estrategia programada con frecuencia de rebalanceo W
[2025-04-20 20:58:21] INFO: Verificando cada 60 minutos si es momento de rebalancear
[2025-04-20 20:58:21] INFO: Obteniendo tickers del S&P 500...
[2025-04-20 20:58:24] INFO: Obtenidos y guardados 501 tickers negociables del S&P 500
[2025-04-20 20:58:24] INFO: Limitando número de tickers de 501 a 200
[2025-04-20 20:58:24] INFO: Descargando datos históricos desde 2024-04-20 hasta 2025-04-20...
[2025-04-20 20:58:26] INFO: Seleccionados 9 tickers defensivos disponibles
[2025-04-20 20:58:26] ERROR: Error obteniendo datos para tickers ['A', 'AAPL', 'ABBV', 'ABNB', 'ABT', 'ACGL', 'ACN', 'ADBE', 'ADI', 'ADM', 'ADP', 'ADSK', 'AEE', 'AEP', 'AES', 'AFL', 'AIG', 'AIZ', 'AJG', 'AKAM', 'ALB', 'ALGN', 'ALL', 'ALLE', 'AMAT', 'AMCR', 'AMD', 'AME', 'AMGN', 'AMP', 'AMT', 'AMZN', 'ANET', 'ANSS', 'AON', 'AOS', 'APA', 'APD', 'APH', 'APO', 'APTV', 'ARE', 'ATO', 'AVB', 'AVGO', 'AVY', 'AWK', 'AXON', 'AXP', 'AZO', 'BA', 'BAC', 'BALL', 'BAX', 'BBY', 'BDX', 'BEN', 'BG', 'BIIB', 'BK', 'BKNG', 'BKR', 'BLDR', 'BLK', 'BMY', 'BR', 'BRO', 'BSX', 'BX', 'BXP', 'C', 'CAG', 'CAH', 'CARR', 'CAT', 'CB', 'CBOE', 'CBRE', 'CCI', 'CCL', 'CDNS', 'CDW', 'CEG', 'CF', 'CFG', 'CHD', 'CHRW', 'CHTR', 'CI', 'CINF', 'CL', 'CLX', 'CMCSA', 'CME', 'CMG', 'CMI', 'CMS', 'CNC', 'CNP', 'COF']: subscription does not permit querying recent SIP data
[2025-04-20 20:58:26] ERROR: Error obteniendo datos para tickers ['COO', 'COP', 'COR', 'COST', 'CPAY', 'CPB', 'CPRT', 'CPT', 'CRL', 'CRM', 'CRWD', 'CSCO', 'CSGP', 'CSX', 'CTAS', 'CTRA', 'CTSH', 'CTVA', 'CVS', 'CVX', 'CZR', 'D', 'DAL', 'DASH', 'DAY', 'DD', 'DE', 'DECK', 'DELL', 'DFS', 'DG', 'DGX', 'DHI', 'DHR', 'DIS', 'DLR', 'DLTR', 'DOC', 'DOV', 'DOW', 'DPZ', 'DRI', 'DTE', 'DUK', 'DVA', 'DVN', 'DXCM', 'EA', 'EBAY', 'ECL', 'ED', 'EFX', 'EG', 'EIX', 'EL', 'ELV', 'EMN', 'EMR', 'ENPH', 'EOG', 'EPAM', 'EQIX', 'EQR', 'EQT', 'ERIE', 'ES', 'ESS', 'ETN', 'ETR', 'EVRG', 'EW', 'EXC', 'EXE', 'EXPD', 'EXPE', 'EXR', 'F', 'FANG', 'FAST', 'FCX', 'FDS', 'FDX', 'FE', 'FFIV', 'FI', 'FICO', 'FIS', 'FITB', 'FOX', 'FOXA', 'FRT', 'FSLR', 'FTNT', 'FTV', 'GD', 'GDDY', 'GE', 'GEHC', 'GEN', 'GEV']: subscription does not permit querying recent SIP data
[2025-04-20 20:58:26] ERROR: Error obteniendo datos para tickers ['TLT', 'IEF', 'LQD', 'GLD', 'XLU', 'XLP', 'USMV', 'SPLV', 'VNQ']: subscription does not permit querying recent SIP data
[2025-04-20 20:58:26] ERROR: Error descargando datos: No se pudieron obtener datos para los tickers especificados
[2025-04-20 20:58:26] ERROR: No se pudieron obtener datos históricos
[2025-04-20 20:58:26] INFO: Esperando 60 minutos hasta la próxima verificación...
[2025-04-20 21:02:18] INFO: Interrupción detectada, guardando estado
[2025-04-20 21:02:18] INFO: Estado guardado correctamente
[2025-04-20 21:02:20] INFO: Iniciando estrategia programada con frecuencia de rebalanceo W
[2025-04-20 21:02:20] INFO: Verificando cada 60 minutos si es momento de rebalancear
[2025-04-20 21:02:20] INFO: Obteniendo tickers del S&P 500...
[2025-04-20 21:02:20] INFO: Cargados 501 tickers del S&P 500 desde caché
[2025-04-20 21:02:20] INFO: Limitando número de tickers de 501 a 200
[2025-04-20 21:02:20] INFO: Descargando datos históricos desde 2024-04-20 hasta 2025-04-20...
[2025-04-20 21:02:22] INFO: Seleccionados 9 tickers defensivos disponibles
[2025-04-20 21:02:23] ERROR: Error obteniendo datos para tickers ['A', 'AAPL', 'ABBV', 'ABNB', 'ABT', 'ACGL', 'ACN', 'ADBE', 'ADI', 'ADM', 'ADP', 'ADSK', 'AEE', 'AEP', 'AES', 'AFL', 'AIG', 'AIZ', 'AJG', 'AKAM', 'ALB', 'ALGN', 'ALL', 'ALLE', 'AMAT', 'AMCR', 'AMD', 'AME', 'AMGN', 'AMP', 'AMT', 'AMZN', 'ANET', 'ANSS', 'AON', 'AOS', 'APA', 'APD', 'APH', 'APO', 'APTV', 'ARE', 'ATO', 'AVB', 'AVGO', 'AVY', 'AWK', 'AXON', 'AXP', 'AZO', 'BA', 'BAC', 'BALL', 'BAX', 'BBY', 'BDX', 'BEN', 'BG', 'BIIB', 'BK', 'BKNG', 'BKR', 'BLDR', 'BLK', 'BMY', 'BR', 'BRO', 'BSX', 'BX', 'BXP', 'C', 'CAG', 'CAH', 'CARR', 'CAT', 'CB', 'CBOE', 'CBRE', 'CCI', 'CCL', 'CDNS', 'CDW', 'CEG', 'CF', 'CFG', 'CHD', 'CHRW', 'CHTR', 'CI', 'CINF', 'CL', 'CLX', 'CMCSA', 'CME', 'CMG', 'CMI', 'CMS', 'CNC', 'CNP', 'COF']: subscription does not permit querying recent SIP data
[2025-04-20 21:02:23] ERROR: Error obteniendo datos para tickers ['COO', 'COP', 'COR', 'COST', 'CPAY', 'CPB', 'CPRT', 'CPT', 'CRL', 'CRM', 'CRWD', 'CSCO', 'CSGP', 'CSX', 'CTAS', 'CTRA', 'CTSH', 'CTVA', 'CVS', 'CVX', 'CZR', 'D', 'DAL', 'DASH', 'DAY', 'DD', 'DE', 'DECK', 'DELL', 'DFS', 'DG', 'DGX', 'DHI', 'DHR', 'DIS', 'DLR', 'DLTR', 'DOC', 'DOV', 'DOW', 'DPZ', 'DRI', 'DTE', 'DUK', 'DVA', 'DVN', 'DXCM', 'EA', 'EBAY', 'ECL', 'ED', 'EFX', 'EG', 'EIX', 'EL', 'ELV', 'EMN', 'EMR', 'ENPH', 'EOG', 'EPAM', 'EQIX', 'EQR', 'EQT', 'ERIE', 'ES', 'ESS', 'ETN', 'ETR', 'EVRG', 'EW', 'EXC', 'EXE', 'EXPD', 'EXPE', 'EXR', 'F', 'FANG', 'FAST', 'FCX', 'FDS', 'FDX', 'FE', 'FFIV', 'FI', 'FICO', 'FIS', 'FITB', 'FOX', 'FOXA', 'FRT', 'FSLR', 'FTNT', 'FTV', 'GD', 'GDDY', 'GE', 'GEHC', 'GEN', 'GEV']: subscription does not permit querying recent SIP data
[2025-04-20 21:02:23] ERROR: Error obteniendo datos para tickers ['TLT', 'IEF', 'LQD', 'GLD', 'XLU', 'XLP', 'USMV', 'SPLV', 'VNQ']: subscription does not permit querying recent SIP data
[2025-04-20 21:02:23] ERROR: Error descargando datos: No se pudieron obtener datos para los tickers especificados
[2025-04-20 21:02:23] ERROR: No se pudieron obtener datos históricos
[2025-04-20 21:02:23] INFO: Esperando 60 minutos hasta la próxima verificación...
[2025-04-20 21:03:54] INFO: Interrupción detectada, guardando estado
[2025-04-20 21:03:54] INFO: Estado guardado correctamente
[2025-04-20 21:03:58] INFO: Iniciando estrategia programada con frecuencia de rebalanceo W
[2025-04-20 21:03:58] INFO: Verificando cada 60 minutos si es momento de rebalancear
[2025-04-20 21:03:58] INFO: Obteniendo tickers del S&P 500...
[2025-04-20 21:03:58] INFO: Cargados 501 tickers del S&P 500 desde caché
[2025-04-20 21:03:58] INFO: Descargando datos históricos desde 2024-04-20 hasta 2025-04-20...
[2025-04-20 21:03:59] INFO: Seleccionados 9 tickers defensivos disponibles
[2025-04-20 21:04:00] ERROR: Error obteniendo datos para tickers ['MMM', 'AOS', 'ABT', 'ABBV', 'ACN', 'ADBE', 'AMD', 'AES', 'AFL', 'A', 'APD', 'ABNB', 'AKAM', 'ALB', 'ARE', 'ALGN', 'ALLE', 'LNT', 'ALL', 'GOOGL', 'GOOG', 'MO', 'AMZN', 'AMCR', 'AEE', 'AEP', 'AXP', 'AIG', 'AMT', 'AWK', 'AMP', 'AME', 'AMGN', 'APH', 'ADI', 'ANSS', 'AON', 'APA', 'APO', 'AAPL', 'AMAT', 'APTV', 'ACGL', 'ADM', 'ANET', 'AJG', 'AIZ', 'T', 'ATO', 'ADSK', 'ADP', 'AZO', 'AVB', 'AVY', 'AXON', 'BKR', 'BALL', 'BAC', 'BAX', 'BDX', 'BBY', 'TECH', 'BIIB', 'BLK', 'BX', 'BK', 'BA', 'BKNG', 'BSX', 'BMY', 'AVGO', 'BR', 'BRO', 'BLDR', 'BG', 'BXP', 'CHRW', 'CDNS', 'CZR', 'CPT', 'CPB', 'COF', 'CAH', 'KMX', 'CCL', 'CARR', 'CAT', 'CBOE', 'CBRE', 'CDW', 'COR', 'CNC', 'CNP', 'CF', 'CRL', 'SCHW', 'CHTR', 'CVX', 'CMG', 'CB']: subscription does not permit querying recent SIP data
[2025-04-20 21:04:00] ERROR: Error obteniendo datos para tickers ['CHD', 'CI', 'CINF', 'CTAS', 'CSCO', 'C', 'CFG', 'CLX', 'CME', 'CMS', 'KO', 'CTSH', 'CL', 'CMCSA', 'CAG', 'COP', 'ED', 'STZ', 'CEG', 'COO', 'CPRT', 'GLW', 'CPAY', 'CTVA', 'CSGP', 'COST', 'CTRA', 'CRWD', 'CCI', 'CSX', 'CMI', 'CVS', 'DHR', 'DRI', 'DVA', 'DAY', 'DECK', 'DE', 'DELL', 'DAL', 'DVN', 'DXCM', 'FANG', 'DLR', 'DFS', 'DG', 'DLTR', 'D', 'DPZ', 'DASH', 'DOV', 'DOW', 'DHI', 'DTE', 'DUK', 'DD', 'EMN', 'ETN', 'EBAY', 'ECL', 'EIX', 'EW', 'EA', 'ELV', 'EMR', 'ENPH', 'ETR', 'EOG', 'EPAM', 'EQT', 'EFX', 'EQIX', 'EQR', 'ERIE', 'ESS', 'EL', 'EG', 'EVRG', 'ES', 'EXC', 'EXE', 'EXPE', 'EXPD', 'EXR', 'XOM', 'FFIV', 'FDS', 'FICO', 'FAST', 'FRT', 'FDX', 'FIS', 'FITB', 'FSLR', 'FE', 'FI', 'F', 'FTNT', 'FTV', 'FOXA']: subscription does not permit querying recent SIP data
[2025-04-20 21:04:00] ERROR: Error obteniendo datos para tickers ['FOX', 'BEN', 'FCX', 'GRMN', 'IT', 'GE', 'GEHC', 'GEV', 'GEN', 'GNRC', 'GD', 'GIS', 'GM', 'GPC', 'GILD', 'GPN', 'GL', 'GDDY', 'GS', 'HAL', 'HIG', 'HAS', 'HCA', 'DOC', 'HSIC', 'HSY', 'HES', 'HPE', 'HLT', 'HOLX', 'HD', 'HON', 'HRL', 'HST', 'HWM', 'HPQ', 'HUBB', 'HUM', 'HBAN', 'HII', 'IBM', 'IEX', 'IDXX', 'ITW', 'INCY', 'IR', 'PODD', 'INTC', 'ICE', 'IFF', 'IP', 'IPG', 'INTU', 'ISRG', 'IVZ', 'INVH', 'IQV', 'IRM', 'JBHT', 'JBL', 'JKHY', 'J', 'JNJ', 'JCI', 'JPM', 'JNPR', 'K', 'KVUE', 'KDP', 'KEY', 'KEYS', 'KMB', 'KIM', 'KMI', 'KKR', 'KLAC', 'KHC', 'KR', 'LHX', 'LH', 'LRCX', 'LW', 'LVS', 'LDOS', 'LEN', 'LII', 'LLY', 'LIN', 'LYV', 'LKQ', 'LMT', 'L', 'LOW', 'LULU', 'LYB', 'MTB', 'MPC', 'MKTX', 'MAR', 'MMC']: subscription does not permit querying recent SIP data
[2025-04-20 21:04:00] ERROR: Error obteniendo datos para tickers ['MLM', 'MAS', 'MA', 'MTCH', 'MKC', 'MCD', 'MCK', 'MDT', 'MRK', 'META', 'MET', 'MTD', 'MGM', 'MCHP', 'MU', 'MSFT', 'MAA', 'MRNA', 'MHK', 'MOH', 'TAP', 'MDLZ', 'MPWR', 'MNST', 'MCO', 'MS', 'MOS', 'MSI', 'MSCI', 'NDAQ', 'NTAP', 'NFLX', 'NEM', 'NWSA', 'NWS', 'NEE', 'NKE', 'NI', 'NDSN', 'NSC', 'NTRS', 'NOC', 'NCLH', 'NRG', 'NUE', 'NVDA', 'NVR', 'NXPI', 'ORLY', 'OXY', 'ODFL', 'OMC', 'ON', 'OKE', 'ORCL', 'OTIS', 'PCAR', 'PKG', 'PLTR', 'PANW', 'PARA', 'PH', 'PAYX', 'PAYC', 'PYPL', 'PNR', 'PEP', 'PFE', 'PCG', 'PM', 'PSX', 'PNW', 'PNC', 'POOL', 'PPG', 'PPL', 'PFG', 'PG', 'PGR', 'PLD', 'PRU', 'PEG', 'PTC', 'PSA', 'PHM', 'PWR', 'QCOM', 'DGX', 'RL', 'RJF', 'RTX', 'O', 'REG', 'REGN', 'RF', 'RSG', 'RMD', 'RVTY', 'ROK', 'ROL']: subscription does not permit querying recent SIP data
[2025-04-20 21:04:00] ERROR: Error obteniendo datos para tickers ['ROP', 'ROST', 'RCL', 'SPGI', 'CRM', 'SBAC', 'SLB', 'STX', 'SRE', 'NOW', 'SHW', 'SPG', 'SWKS', 'SJM', 'SW', 'SNA', 'SOLV', 'SO', 'LUV', 'SWK', 'SBUX', 'STT', 'STLD', 'STE', 'SYK', 'SMCI', 'SYF', 'SNPS', 'SYY', 'TMUS', 'TROW', 'TTWO', 'TPR', 'TRGP', 'TGT', 'TEL', 'TDY', 'TER', 'TSLA', 'TXN', 'TPL', 'TXT', 'TMO', 'TJX', 'TKO', 'TSCO', 'TT', 'TDG', 'TRV', 'TRMB', 'TFC', 'TYL', 'TSN', 'USB', 'UBER', 'UDR', 'ULTA', 'UNP', 'UAL', 'UPS', 'URI', 'UNH', 'UHS', 'VLO', 'VTR', 'VLTO', 'VRSN', 'VRSK', 'VZ', 'VRTX', 'VTRS', 'VICI', 'V', 'VST', 'VMC', 'WRB', 'GWW', 'WAB', 'WBA', 'WMT', 'DIS', 'WBD', 'WM', 'WAT', 'WEC', 'WFC', 'WELL', 'WST', 'WDC', 'WY', 'WSM', 'WMB', 'WTW', 'WDAY', 'WYNN', 'XEL', 'XYL', 'YUM', 'ZBRA', 'ZBH']: subscription does not permit querying recent SIP data
[2025-04-20 21:04:00] ERROR: Error obteniendo datos para tickers ['ZTS', 'TLT', 'IEF', 'LQD', 'GLD', 'XLU', 'XLP', 'USMV', 'SPLV', 'VNQ']: subscription does not permit querying recent SIP data
[2025-04-20 21:04:00] ERROR: Error descargando datos: No se pudieron obtener datos para los tickers especificados
[2025-04-20 21:04:00] ERROR: No se pudieron obtener datos históricos
[2025-04-20 21:04:00] INFO: Esperando 60 minutos hasta la próxima verificación...
[2025-04-20 21:05:58] INFO: Interrupción detectada, guardando estado
[2025-04-20 21:05:58] INFO: Estado guardado correctamente
[2025-04-20 21:06:01] INFO: Iniciando estrategia programada con frecuencia de rebalanceo W
[2025-04-20 21:06:01] INFO: Verificando cada 60 minutos si es momento de rebalancear
[2025-04-20 21:06:01] INFO: Obteniendo tickers del S&P 500...
[2025-04-20 21:06:01] INFO: Cargados 501 tickers del S&P 500 desde caché
[2025-04-20 21:06:01] INFO: Descargando datos históricos desde 2024-04-20 hasta 2025-04-20...
[2025-04-20 21:06:03] INFO: Seleccionados 9 tickers defensivos disponibles
[2025-04-20 21:06:03] ERROR: Error obteniendo datos para tickers ['MMM', 'AOS', 'ABT', 'ABBV', 'ACN', 'ADBE', 'AMD', 'AES', 'AFL', 'A', 'APD', 'ABNB', 'AKAM', 'ALB', 'ARE', 'ALGN', 'ALLE', 'LNT', 'ALL', 'GOOGL', 'GOOG', 'MO', 'AMZN', 'AMCR', 'AEE', 'AEP', 'AXP', 'AIG', 'AMT', 'AWK', 'AMP', 'AME', 'AMGN', 'APH', 'ADI', 'ANSS', 'AON', 'APA', 'APO', 'AAPL', 'AMAT', 'APTV', 'ACGL', 'ADM', 'ANET', 'AJG', 'AIZ', 'T', 'ATO', 'ADSK', 'ADP', 'AZO', 'AVB', 'AVY', 'AXON', 'BKR', 'BALL', 'BAC', 'BAX', 'BDX', 'BBY', 'TECH', 'BIIB', 'BLK', 'BX', 'BK', 'BA', 'BKNG', 'BSX', 'BMY', 'AVGO', 'BR', 'BRO', 'BLDR', 'BG', 'BXP', 'CHRW', 'CDNS', 'CZR', 'CPT', 'CPB', 'COF', 'CAH', 'KMX', 'CCL', 'CARR', 'CAT', 'CBOE', 'CBRE', 'CDW', 'COR', 'CNC', 'CNP', 'CF', 'CRL', 'SCHW', 'CHTR', 'CVX', 'CMG', 'CB']: subscription does not permit querying recent SIP data
[2025-04-20 21:06:03] ERROR: Error obteniendo datos para tickers ['CHD', 'CI', 'CINF', 'CTAS', 'CSCO', 'C', 'CFG', 'CLX', 'CME', 'CMS', 'KO', 'CTSH', 'CL', 'CMCSA', 'CAG', 'COP', 'ED', 'STZ', 'CEG', 'COO', 'CPRT', 'GLW', 'CPAY', 'CTVA', 'CSGP', 'COST', 'CTRA', 'CRWD', 'CCI', 'CSX', 'CMI', 'CVS', 'DHR', 'DRI', 'DVA', 'DAY', 'DECK', 'DE', 'DELL', 'DAL', 'DVN', 'DXCM', 'FANG', 'DLR', 'DFS', 'DG', 'DLTR', 'D', 'DPZ', 'DASH', 'DOV', 'DOW', 'DHI', 'DTE', 'DUK', 'DD', 'EMN', 'ETN', 'EBAY', 'ECL', 'EIX', 'EW', 'EA', 'ELV', 'EMR', 'ENPH', 'ETR', 'EOG', 'EPAM', 'EQT', 'EFX', 'EQIX', 'EQR', 'ERIE', 'ESS', 'EL', 'EG', 'EVRG', 'ES', 'EXC', 'EXE', 'EXPE', 'EXPD', 'EXR', 'XOM', 'FFIV', 'FDS', 'FICO', 'FAST', 'FRT', 'FDX', 'FIS', 'FITB', 'FSLR', 'FE', 'FI', 'F', 'FTNT', 'FTV', 'FOXA']: subscription does not permit querying recent SIP data
[2025-04-20 21:06:03] ERROR: Error obteniendo datos para tickers ['FOX', 'BEN', 'FCX', 'GRMN', 'IT', 'GE', 'GEHC', 'GEV', 'GEN', 'GNRC', 'GD', 'GIS', 'GM', 'GPC', 'GILD', 'GPN', 'GL', 'GDDY', 'GS', 'HAL', 'HIG', 'HAS', 'HCA', 'DOC', 'HSIC', 'HSY', 'HES', 'HPE', 'HLT', 'HOLX', 'HD', 'HON', 'HRL', 'HST', 'HWM', 'HPQ', 'HUBB', 'HUM', 'HBAN', 'HII', 'IBM', 'IEX', 'IDXX', 'ITW', 'INCY', 'IR', 'PODD', 'INTC', 'ICE', 'IFF', 'IP', 'IPG', 'INTU', 'ISRG', 'IVZ', 'INVH', 'IQV', 'IRM', 'JBHT', 'JBL', 'JKHY', 'J', 'JNJ', 'JCI', 'JPM', 'JNPR', 'K', 'KVUE', 'KDP', 'KEY', 'KEYS', 'KMB', 'KIM', 'KMI', 'KKR', 'KLAC', 'KHC', 'KR', 'LHX', 'LH', 'LRCX', 'LW', 'LVS', 'LDOS', 'LEN', 'LII', 'LLY', 'LIN', 'LYV', 'LKQ', 'LMT', 'L', 'LOW', 'LULU', 'LYB', 'MTB', 'MPC', 'MKTX', 'MAR', 'MMC']: subscription does not permit querying recent SIP data
[2025-04-20 21:06:03] ERROR: Error obteniendo datos para tickers ['MLM', 'MAS', 'MA', 'MTCH', 'MKC', 'MCD', 'MCK', 'MDT', 'MRK', 'META', 'MET', 'MTD', 'MGM', 'MCHP', 'MU', 'MSFT', 'MAA', 'MRNA', 'MHK', 'MOH', 'TAP', 'MDLZ', 'MPWR', 'MNST', 'MCO', 'MS', 'MOS', 'MSI', 'MSCI', 'NDAQ', 'NTAP', 'NFLX', 'NEM', 'NWSA', 'NWS', 'NEE', 'NKE', 'NI', 'NDSN', 'NSC', 'NTRS', 'NOC', 'NCLH', 'NRG', 'NUE', 'NVDA', 'NVR', 'NXPI', 'ORLY', 'OXY', 'ODFL', 'OMC', 'ON', 'OKE', 'ORCL', 'OTIS', 'PCAR', 'PKG', 'PLTR', 'PANW', 'PARA', 'PH', 'PAYX', 'PAYC', 'PYPL', 'PNR', 'PEP', 'PFE', 'PCG', 'PM', 'PSX', 'PNW', 'PNC', 'POOL', 'PPG', 'PPL', 'PFG', 'PG', 'PGR', 'PLD', 'PRU', 'PEG', 'PTC', 'PSA', 'PHM', 'PWR', 'QCOM', 'DGX', 'RL', 'RJF', 'RTX', 'O', 'REG', 'REGN', 'RF', 'RSG', 'RMD', 'RVTY', 'ROK', 'ROL']: subscription does not permit querying recent SIP data
[2025-04-20 21:06:04] ERROR: Error obteniendo datos para tickers ['ROP', 'ROST', 'RCL', 'SPGI', 'CRM', 'SBAC', 'SLB', 'STX', 'SRE', 'NOW', 'SHW', 'SPG', 'SWKS', 'SJM', 'SW', 'SNA', 'SOLV', 'SO', 'LUV', 'SWK', 'SBUX', 'STT', 'STLD', 'STE', 'SYK', 'SMCI', 'SYF', 'SNPS', 'SYY', 'TMUS', 'TROW', 'TTWO', 'TPR', 'TRGP', 'TGT', 'TEL', 'TDY', 'TER', 'TSLA', 'TXN', 'TPL', 'TXT', 'TMO', 'TJX', 'TKO', 'TSCO', 'TT', 'TDG', 'TRV', 'TRMB', 'TFC', 'TYL', 'TSN', 'USB', 'UBER', 'UDR', 'ULTA', 'UNP', 'UAL', 'UPS', 'URI', 'UNH', 'UHS', 'VLO', 'VTR', 'VLTO', 'VRSN', 'VRSK', 'VZ', 'VRTX', 'VTRS', 'VICI', 'V', 'VST', 'VMC', 'WRB', 'GWW', 'WAB', 'WBA', 'WMT', 'DIS', 'WBD', 'WM', 'WAT', 'WEC', 'WFC', 'WELL', 'WST', 'WDC', 'WY', 'WSM', 'WMB', 'WTW', 'WDAY', 'WYNN', 'XEL', 'XYL', 'YUM', 'ZBRA', 'ZBH']: subscription does not permit querying recent SIP data
[2025-04-20 21:06:04] ERROR: Error obteniendo datos para tickers ['ZTS', 'TLT', 'IEF', 'LQD', 'GLD', 'XLU', 'XLP', 'USMV', 'SPLV', 'VNQ']: subscription does not permit querying recent SIP data
[2025-04-20 21:06:04] ERROR: Error descargando datos: No se pudieron obtener datos para los tickers especificados
[2025-04-20 21:06:04] ERROR: No se pudieron obtener datos históricos
[2025-04-20 21:06:04] INFO: Esperando 60 minutos hasta la próxima verificación...
[2025-04-20 21:06:30] INFO: Interrupción detectada, guardando estado
[2025-04-20 21:06:30] INFO: Estado guardado correctamente
[2025-04-20 21:06:32] INFO: Iniciando estrategia programada con frecuencia de rebalanceo W
[2025-04-20 21:06:32] INFO: Verificando cada 60 minutos si es momento de rebalancear
[2025-04-20 21:06:32] INFO: Obteniendo tickers del S&P 500...
[2025-04-20 21:06:32] INFO: Cargados 501 tickers del S&P 500 desde caché
[2025-04-20 21:06:32] INFO: Limitando número de tickers de 501 a 200
[2025-04-20 21:06:32] INFO: Descargando datos históricos desde 2024-04-20 hasta 2025-04-20...
[2025-04-20 21:06:34] INFO: Seleccionados 9 tickers defensivos disponibles
[2025-04-20 21:06:34] INFO: Intentando obtener datos de Alpaca...
[2025-04-20 21:06:34] WARNING: No se tienen permisos para descargar datos de Alpaca. Cambiando a Yahoo Finance...
[2025-04-20 21:06:34] INFO: Usando Yahoo Finance como fuente de datos...
[2025-04-20 21:06:38] INFO: Datos descargados: 208 tickers con 249 días de datos
[2025-04-20 21:06:38] INFO: Calculando retornos para diferentes períodos...
[2025-04-20 21:06:38] INFO: Calculando características...
[2025-04-20 21:07:06] INFO: Detectando regímenes de mercado...
[2025-04-20 21:07:06] INFO: Generando señales...
[2025-04-20 21:07:07] INFO: Construyendo portafolio para la fecha 2025-04-17 00:00:00...
[2025-04-20 21:07:07] INFO: Aplicando stop loss...
[2025-04-20 21:07:07] INFO: Stop Loss activado para BMY: drawdown -18.51% excede límite -15.00%
[2025-04-20 21:07:07] INFO: Stop Loss activado para ABBV: drawdown -18.36% excede límite -15.00%
[2025-04-20 21:07:07] INFO: Stop Loss activado para AMZN: drawdown -16.09% excede límite -15.00%
[2025-04-20 21:07:07] INFO: Stop Loss activado para CVX: drawdown -18.18% excede límite -15.00%
[2025-04-20 21:07:07] INFO: Stop Loss activado para DIS: drawdown -16.53% excede límite -15.00%
[2025-04-20 21:07:07] INFO: Stop Loss activado para AES: drawdown -22.64% excede límite -15.00%
[2025-04-20 21:07:07] INFO: Stop Loss activado para FOXA: drawdown -15.90% excede límite -15.00%
[2025-04-20 21:07:07] INFO: Volatilidad actual del mercado: 41.92%, Multiplicador: 0.48
[2025-04-20 21:07:07] INFO: Estado guardado correctamente
[2025-04-20 21:07:07] INFO: Implementando portafolio en Alpaca...
[2025-04-20 21:07:07] INFO: Valor del portafolio: $15000.00, Efectivo disponible: $15000.00
[2025-04-20 21:07:12] INFO: BUY 19 acciones de CSCO a $27.86
[2025-04-20 21:07:12] INFO: BUY 14 acciones de BAC a $37.41
[2025-04-20 21:07:12] INFO: BUY 7 acciones de CVS a $67.25
[2025-04-20 21:07:13] INFO: BUY 16 acciones de CMCSA a $33.98
[2025-04-20 21:07:13] INFO: BUY 2 acciones de AMGN a $138.56
[2025-04-20 21:07:13] INFO: BUY 17 acciones de CAG a $25.32
[2025-04-20 21:07:13] INFO: BUY 21 acciones de DOC a $18.74
[2025-04-20 21:07:13] INFO: BUY 15 acciones de FITB a $20.50
[2025-04-20 21:07:13] INFO: BUY 2 acciones de BDX a $99.32
[2025-04-20 21:07:13] INFO: BUY 10 acciones de ES a $28.68
[2025-04-20 21:07:13] INFO: BUY 4 acciones de BSX a $47.55
[2025-04-20 21:07:13] INFO: BUY 10 acciones de CTRA a $25.85
[2025-04-20 21:07:13] INFO: BUY 5 acciones de TLT a $87.41
[2025-04-20 21:07:13] INFO: BUY 4 acciones de LQD a $106.75
[2025-04-20 21:07:14] INFO: BUY 5 acciones de IEF a $94.65
[2025-04-20 21:07:14] INFO: BUY 6 acciones de SPLV a $72.11
[2025-04-20 21:07:14] INFO: BUY 4 acciones de USMV a $90.01
[2025-04-20 21:07:16] INFO: Portafolio rebalanceado exitosamente
[2025-04-20 21:07:16] INFO: Estado guardado correctamente
[2025-04-20 21:07:16] INFO: Esperando 60 minutos hasta la próxima verificación...
[2025-04-20 21:07:24] INFO: Interrupción detectada, guardando estado
[2025-04-20 21:07:24] INFO: Estado guardado correctamente
[2025-04-20 21:07:27] INFO: Último rebalanceo cargado: 2025-04-20 21:06:32.961786
[2025-04-20 21:07:27] INFO: Cargados 18 pesos del portafolio anterior
[2025-04-20 21:07:27] INFO: Iniciando estrategia programada con frecuencia de rebalanceo W
[2025-04-20 21:07:27] INFO: Verificando cada 60 minutos si es momento de rebalancear
[2025-04-20 21:07:27] INFO: No es momento de rebalancear (siguiente rebalanceo en 7 días)
[2025-04-20 21:07:27] INFO: Esperando 60 minutos hasta la próxima verificación...
[2025-04-20 21:07:28] INFO: Interrupción detectada, guardando estado
[2025-04-20 21:07:28] INFO: Estado guardado correctamente
[2025-04-20 21:08:36] INFO: Último rebalanceo cargado: 2025-04-20 21:06:32.961786
[2025-04-20 21:08:36] INFO: Cargados 18 pesos del portafolio anterior
[2025-04-20 21:08:36] INFO: Rebalanceo forzado solicitado - se ignorará la fecha del último rebalanceo
[2025-04-20 21:08:36] INFO: Iniciando estrategia programada con frecuencia de rebalanceo W
[2025-04-20 21:08:36] INFO: Verificando cada 30 minutos si es momento de rebalancear
[2025-04-20 21:08:36] INFO: Obteniendo tickers del S&P 500...
[2025-04-20 21:08:36] INFO: Cargados 501 tickers del S&P 500 desde caché
[2025-04-20 21:08:36] INFO: Descargando datos históricos desde 2024-04-20 hasta 2025-04-20...
[2025-04-20 21:08:37] INFO: Seleccionados 9 tickers defensivos disponibles
[2025-04-20 21:08:37] INFO: Intentando obtener datos de Alpaca...
[2025-04-20 21:08:38] WARNING: No se tienen permisos para descargar datos de Alpaca. Cambiando a Yahoo Finance...
[2025-04-20 21:08:38] INFO: Usando Yahoo Finance como fuente de datos...
[2025-04-20 21:08:46] INFO: Datos descargados: 507 tickers con 249 días de datos
[2025-04-20 21:08:46] INFO: Calculando retornos para diferentes períodos...
[2025-04-20 21:08:46] INFO: Calculando características...
[2025-04-20 21:09:58] INFO: Detectando regímenes de mercado...
[2025-04-20 21:09:58] INFO: Generando señales...
[2025-04-20 21:09:59] INFO: Construyendo portafolio para la fecha 2025-04-17 00:00:00...
[2025-04-20 21:09:59] INFO: Aplicando stop loss...
[2025-04-20 21:09:59] INFO: Stop Loss activado para PFE: drawdown -15.85% excede límite -15.00%
[2025-04-20 21:09:59] INFO: Stop Loss activado para UNH: drawdown -24.25% excede límite -15.00%
[2025-04-20 21:09:59] INFO: Stop Loss activado para BMY: drawdown -18.51% excede límite -15.00%
[2025-04-20 21:09:59] INFO: Stop Loss activado para MRK: drawdown -17.66% excede límite -15.00%
[2025-04-20 21:09:59] INFO: Stop Loss activado para ABBV: drawdown -18.36% excede límite -15.00%
[2025-04-20 21:09:59] INFO: Stop Loss activado para GPN: drawdown -30.48% excede límite -15.00%
[2025-04-20 21:09:59] INFO: Stop Loss activado para AMZN: drawdown -16.09% excede límite -15.00%
[2025-04-20 21:09:59] INFO: Stop Loss activado para SBUX: drawdown -18.02% excede límite -15.00%
[2025-04-20 21:09:59] INFO: Stop Loss activado para INTC: drawdown -26.97% excede límite -15.00%
[2025-04-20 21:09:59] INFO: Stop Loss activado para CVX: drawdown -18.18% excede límite -15.00%
[2025-04-20 21:09:59] INFO: Stop Loss activado para DIS: drawdown -16.53% excede límite -15.00%
[2025-04-20 21:09:59] INFO: Stop Loss activado para AES: drawdown -22.64% excede límite -15.00%
[2025-04-20 21:09:59] INFO: Stop Loss activado para FOXA: drawdown -15.90% excede límite -15.00%
[2025-04-20 21:09:59] INFO: Stop Loss activado para LUV: drawdown -28.99% excede límite -15.00%
[2025-04-20 21:09:59] INFO: Stop Loss activado para MMM: drawdown -15.17% excede límite -15.00%
[2025-04-20 21:09:59] INFO: Volatilidad actual del mercado: 43.05%, Multiplicador: 0.46
[2025-04-20 21:09:59] INFO: Estado guardado correctamente
[2025-04-20 21:09:59] INFO: Implementando portafolio en Alpaca...
[2025-04-20 21:09:59] INFO: Valor del portafolio: $15000.00, Efectivo disponible: $15000.00
[2025-04-20 21:10:00] INFO: BUY 18 acciones de T a $13.54
[2025-04-20 21:10:00] INFO: BUY 2 acciones de PLTR a $93.98
[2025-04-20 21:10:00] INFO: BUY 9 acciones de KVUE a $23.36
[2025-04-20 21:10:00] INFO: BUY 8 acciones de CSCO a $27.86
[2025-04-20 21:10:00] INFO: BUY 4 acciones de ZBH a $48.95
[2025-04-20 21:10:00] INFO: BUY 40 acciones de WBA a $5.43
[2025-04-20 21:10:00] INFO: BUY 16 acciones de KMI a $13.54
[2025-04-20 21:10:00] INFO: BUY 2 acciones de JNJ a $78.72
[2025-04-20 21:10:00] INFO: BUY 5 acciones de BAC a $37.41
[2025-04-20 21:10:01] INFO: BUY 2 acciones de GILD a $104.52
[2025-04-20 21:10:01] INFO: BUY 2 acciones de XOM a $106.94
[2025-04-20 21:10:01] INFO: BUY 3 acciones de CVS a $67.25
[2025-04-20 21:10:01] INFO: BUY 1 acciones de MMC a $110.23
[2025-04-20 21:10:01] INFO: BUY 4 acciones de VZ a $44.05
[2025-04-20 21:10:01] INFO: BUY 6 acciones de CMCSA a $33.98
[2025-04-20 21:10:01] INFO: BUY 1 acciones de AMGN a $138.56
[2025-04-20 21:10:01] INFO: BUY 2 acciones de WFC a $64.70
[2025-04-20 21:10:01] INFO: BUY 16 acciones de PARA a $10.95
[2025-04-20 21:10:01] INFO: BUY 2 acciones de ICE a $79.28
[2025-04-20 21:10:01] INFO: BUY 4 acciones de SCHW a $38.09
[2025-04-20 21:10:02] INFO: BUY 8 acciones de TFC a $17.93
[2025-04-20 21:10:02] INFO: BUY 7 acciones de RF a $19.31
[2025-04-20 21:10:02] INFO: BUY 2 acciones de NEE a $66.79
[2025-04-20 21:10:02] INFO: BUY 6 acciones de CAG a $25.32
[2025-04-20 21:10:02] INFO: BUY 2 acciones de MO a $58.12
[2025-04-20 21:10:02] INFO: BUY 7 acciones de DOC a $18.74
[2025-04-20 21:10:02] INFO: BUY 6 acciones de FITB a $20.50
[2025-04-20 21:10:02] INFO: BUY 1 acciones de BDX a $99.32
[2025-04-20 21:10:02] INFO: BUY 1 acciones de YUM a $71.65
[2025-04-20 21:10:03] INFO: BUY 3 acciones de ES a $28.68
[2025-04-20 21:10:03] INFO: BUY 2 acciones de BSX a $47.55
[2025-04-20 21:10:03] INFO: BUY 13 acciones de KEY a $7.12
[2025-04-20 21:10:03] INFO: BUY 3 acciones de CTRA a $25.85
[2025-04-20 21:10:03] INFO: BUY 2 acciones de TLT a $87.41
[2025-04-20 21:10:03] INFO: BUY 1 acciones de LQD a $106.75
[2025-04-20 21:10:03] INFO: BUY 2 acciones de IEF a $94.65
[2025-04-20 21:10:03] INFO: BUY 2 acciones de SPLV a $72.11
[2025-04-20 21:10:03] INFO: BUY 2 acciones de USMV a $90.01
[2025-04-20 21:10:07] INFO: Interrupción detectada, guardando estado
[2025-04-20 21:10:07] INFO: Estado guardado correctamente
[2025-04-20 21:12:04] INFO: No se encontró archivo de estado. Iniciando con valores por defecto.
[2025-04-20 21:12:04] INFO: Iniciando estrategia programada con frecuencia de rebalanceo W
[2025-04-20 21:12:04] INFO: Verificando cada 30 minutos si es momento de rebalancear
[2025-04-20 21:12:04] INFO: Obteniendo tickers del S&P 500...
[2025-04-20 21:12:06] INFO: Obtenidos y guardados 501 tickers negociables del S&P 500
[2025-04-20 21:12:06] INFO: Descargando datos históricos desde 2024-04-20 hasta 2025-04-20...
[2025-04-20 21:12:07] INFO: Seleccionados 9 tickers defensivos disponibles
[2025-04-20 21:12:07] INFO: Intentando obtener datos de Alpaca...
[2025-04-20 21:12:07] WARNING: No se tienen permisos para descargar datos de Alpaca. Cambiando a Yahoo Finance...
[2025-04-20 21:12:07] INFO: Usando Yahoo Finance como fuente de datos...
[2025-04-20 21:12:15] INFO: Datos descargados: 507 tickers con 249 días de datos
[2025-04-20 21:12:15] INFO: Calculando retornos para diferentes períodos...
[2025-04-20 21:12:15] INFO: Calculando características...
[2025-04-20 21:13:27] INFO: Detectando regímenes de mercado...
[2025-04-20 21:13:28] INFO: Generando señales...
[2025-04-20 21:13:28] INFO: Construyendo portafolio para la fecha 2025-04-17 00:00:00...
[2025-04-20 21:13:28] INFO: Aplicando stop loss...
[2025-04-20 21:13:28] INFO: Stop Loss activado para PFE: drawdown -15.85% excede límite -15.00%
[2025-04-20 21:13:28] INFO: Stop Loss activado para UNH: drawdown -24.25% excede límite -15.00%
[2025-04-20 21:13:28] INFO: Stop Loss activado para BMY: drawdown -18.51% excede límite -15.00%
[2025-04-20 21:13:28] INFO: Stop Loss activado para MRK: drawdown -17.66% excede límite -15.00%
[2025-04-20 21:13:28] INFO: Stop Loss activado para ABBV: drawdown -18.36% excede límite -15.00%
[2025-04-20 21:13:28] INFO: Stop Loss activado para GPN: drawdown -30.48% excede límite -15.00%
[2025-04-20 21:13:28] INFO: Stop Loss activado para AMZN: drawdown -16.09% excede límite -15.00%
[2025-04-20 21:13:28] INFO: Stop Loss activado para SBUX: drawdown -18.02% excede límite -15.00%
[2025-04-20 21:13:28] INFO: Stop Loss activado para INTC: drawdown -26.97% excede límite -15.00%
[2025-04-20 21:13:28] INFO: Stop Loss activado para CVX: drawdown -18.18% excede límite -15.00%
[2025-04-20 21:13:28] INFO: Stop Loss activado para DIS: drawdown -16.53% excede límite -15.00%
[2025-04-20 21:13:28] INFO: Stop Loss activado para AES: drawdown -22.64% excede límite -15.00%
[2025-04-20 21:13:28] INFO: Stop Loss activado para FOXA: drawdown -15.90% excede límite -15.00%
[2025-04-20 21:13:28] INFO: Stop Loss activado para LUV: drawdown -28.99% excede límite -15.00%
[2025-04-20 21:13:28] INFO: Stop Loss activado para MMM: drawdown -15.17% excede límite -15.00%
[2025-04-20 21:13:28] INFO: Volatilidad actual del mercado: 43.05%, Multiplicador: 0.46
[2025-04-20 21:13:28] INFO: Estado guardado correctamente
[2025-04-20 21:13:28] INFO: Implementando portafolio en Alpaca...
[2025-04-20 21:13:28] INFO: Valor del portafolio: $15000.00, Efectivo disponible: $15000.00
[2025-04-20 21:13:29] INFO: BUY 18 acciones de T a $13.54
[2025-04-20 21:13:29] INFO: BUY 2 acciones de PLTR a $93.98
[2025-04-20 21:13:29] INFO: BUY 9 acciones de KVUE a $23.36
[2025-04-20 21:13:29] INFO: BUY 8 acciones de CSCO a $27.86
[2025-04-20 21:13:29] INFO: BUY 4 acciones de ZBH a $48.95
[2025-04-20 21:13:29] INFO: BUY 40 acciones de WBA a $5.43
[2025-04-20 21:13:29] INFO: BUY 16 acciones de KMI a $13.54
[2025-04-20 21:13:29] INFO: BUY 2 acciones de JNJ a $78.72
[2025-04-20 21:13:29] INFO: BUY 5 acciones de BAC a $37.41
[2025-04-20 21:13:30] INFO: BUY 2 acciones de GILD a $104.52
[2025-04-20 21:13:30] INFO: BUY 2 acciones de XOM a $106.94
[2025-04-20 21:13:30] INFO: BUY 3 acciones de CVS a $67.25
[2025-04-20 21:13:30] INFO: BUY 1 acciones de MMC a $110.23
[2025-04-20 21:13:30] INFO: BUY 4 acciones de VZ a $44.05
[2025-04-20 21:13:30] INFO: BUY 6 acciones de CMCSA a $33.98
[2025-04-20 21:13:30] INFO: BUY 1 acciones de AMGN a $138.56
[2025-04-20 21:13:30] INFO: BUY 2 acciones de WFC a $64.70
[2025-04-20 21:13:30] INFO: BUY 16 acciones de PARA a $10.95
[2025-04-20 21:13:30] INFO: BUY 2 acciones de ICE a $79.28
[2025-04-20 21:13:31] INFO: BUY 4 acciones de SCHW a $38.09
[2025-04-20 21:13:31] INFO: BUY 8 acciones de TFC a $17.93
[2025-04-20 21:13:31] INFO: BUY 7 acciones de RF a $19.31
[2025-04-20 21:13:31] INFO: BUY 2 acciones de NEE a $66.79
[2025-04-20 21:13:31] INFO: BUY 6 acciones de CAG a $25.32
[2025-04-20 21:13:31] INFO: BUY 2 acciones de MO a $58.12
[2025-04-20 21:13:31] INFO: BUY 7 acciones de DOC a $18.74
[2025-04-20 21:13:31] INFO: BUY 6 acciones de FITB a $20.50
[2025-04-20 21:13:31] INFO: BUY 1 acciones de BDX a $99.32
[2025-04-20 21:13:31] INFO: BUY 1 acciones de YUM a $71.65
[2025-04-20 21:13:32] INFO: BUY 3 acciones de ES a $28.68
[2025-04-20 21:13:32] INFO: BUY 2 acciones de BSX a $47.55
[2025-04-20 21:13:32] INFO: BUY 13 acciones de KEY a $7.12
[2025-04-20 21:13:32] INFO: BUY 3 acciones de CTRA a $25.85
[2025-04-20 21:13:32] INFO: BUY 2 acciones de TLT a $87.41
[2025-04-20 21:13:32] INFO: BUY 1 acciones de LQD a $106.75
[2025-04-20 21:13:32] INFO: BUY 2 acciones de IEF a $94.65
[2025-04-20 21:13:32] INFO: BUY 2 acciones de SPLV a $72.11
[2025-04-20 21:13:32] INFO: BUY 2 acciones de USMV a $90.01
[2025-04-20 21:13:36] INFO: Portafolio rebalanceado exitosamente
[2025-04-20 21:13:36] INFO: Estado guardado correctamente
[2025-04-20 21:13:36] INFO: Esperando 30 minutos hasta la próxima verificación...
[2025-04-20 21:43:36] INFO: Estado guardado correctamente
[2025-04-20 21:43:36] INFO: No es momento de rebalancear (siguiente rebalanceo en 7 días)
[2025-04-20 21:43:36] INFO: Esperando 30 minutos hasta la próxima verificación...
[2025-04-20 21:49:07] INFO: Interrupción detectada, guardando estado
[2025-04-20 21:49:07] INFO: Estado guardado correctamente
[2025-04-20 21:49:53] INFO: No se encontró archivo de estado. Iniciando con valores por defecto.
[2025-04-20 21:49:53] INFO: Iniciando estrategia programada con frecuencia de rebalanceo W
[2025-04-20 21:49:53] INFO: Verificando cada 30 minutos si es momento de rebalancear
[2025-04-20 21:49:53] INFO: Obteniendo tickers del S&P 500...
[2025-04-20 21:49:55] INFO: Obtenidos y guardados 501 tickers negociables del S&P 500
[2025-04-20 21:49:55] INFO: Descargando datos históricos desde 2024-04-20 hasta 2025-04-20...
[2025-04-20 21:49:56] INFO: Seleccionados 9 tickers defensivos disponibles
[2025-04-20 21:49:56] INFO: Intentando obtener datos de Alpaca...
[2025-04-20 21:49:56] WARNING: No se tienen permisos para descargar datos de Alpaca. Cambiando a Yahoo Finance...
[2025-04-20 21:49:56] INFO: Usando Yahoo Finance como fuente de datos...
[2025-04-20 21:50:04] INFO: Datos descargados: 507 tickers con 249 días de datos
[2025-04-20 21:50:04] INFO: Calculando retornos para diferentes períodos...
[2025-04-20 21:50:04] INFO: Calculando características...
[2025-04-20 21:51:19] INFO: Detectando regímenes de mercado...
[2025-04-20 21:51:19] INFO: Generando señales...
[2025-04-20 21:51:20] INFO: Construyendo portafolio para la fecha 2025-04-17 00:00:00...
[2025-04-20 21:51:20] INFO: Aplicando stop loss...
[2025-04-20 21:51:20] INFO: Stop Loss activado para PFE: drawdown -15.85% excede límite -15.00%
[2025-04-20 21:51:20] INFO: Stop Loss activado para UNH: drawdown -24.25% excede límite -15.00%
[2025-04-20 21:51:20] INFO: Stop Loss activado para BMY: drawdown -18.51% excede límite -15.00%
[2025-04-20 21:51:20] INFO: Stop Loss activado para MRK: drawdown -17.66% excede límite -15.00%
[2025-04-20 21:51:20] INFO: Stop Loss activado para ABBV: drawdown -18.36% excede límite -15.00%
[2025-04-20 21:51:20] INFO: Stop Loss activado para GPN: drawdown -30.48% excede límite -15.00%
[2025-04-20 21:51:20] INFO: Stop Loss activado para AMZN: drawdown -16.09% excede límite -15.00%
[2025-04-20 21:51:20] INFO: Stop Loss activado para SBUX: drawdown -18.02% excede límite -15.00%
[2025-04-20 21:51:20] INFO: Stop Loss activado para INTC: drawdown -26.97% excede límite -15.00%
[2025-04-20 21:51:20] INFO: Stop Loss activado para CVX: drawdown -18.18% excede límite -15.00%
[2025-04-20 21:51:20] INFO: Stop Loss activado para DIS: drawdown -16.53% excede límite -15.00%
[2025-04-20 21:51:20] INFO: Stop Loss activado para AES: drawdown -22.64% excede límite -15.00%
[2025-04-20 21:51:20] INFO: Stop Loss activado para FOXA: drawdown -15.90% excede límite -15.00%
[2025-04-20 21:51:20] INFO: Stop Loss activado para LUV: drawdown -28.99% excede límite -15.00%
[2025-04-20 21:51:20] INFO: Stop Loss activado para MMM: drawdown -15.17% excede límite -15.00%
[2025-04-20 21:51:20] INFO: Volatilidad actual del mercado: 43.05%, Multiplicador: 0.46
[2025-04-20 21:51:20] INFO: Estado guardado correctamente
[2025-04-20 21:51:20] INFO: Implementando portafolio en Alpaca...
[2025-04-20 21:51:20] INFO: Valor del portafolio: $15000.00, Efectivo disponible: $15000.00
[2025-04-20 21:51:20] INFO: BUY 9 acciones de T a $27.15
[2025-04-20 21:51:21] INFO: BUY 2 acciones de PLTR a $93.73
[2025-04-20 21:51:21] INFO: BUY 9 acciones de KVUE a $23.35
[2025-04-20 21:51:21] INFO: BUY 4 acciones de CSCO a $55.74
[2025-04-20 21:51:21] INFO: BUY 2 acciones de ZBH a $97.89
[2025-04-20 21:51:21] INFO: BUY 20 acciones de WBA a $10.90
[2025-04-20 21:51:22] INFO: BUY 8 acciones de KMI a $27.10
[2025-04-20 21:51:22] INFO: BUY 1 acciones de JNJ a $157.44
[2025-04-20 21:51:22] INFO: BUY 5 acciones de BAC a $37.42
[2025-04-20 21:51:22] INFO: BUY 2 acciones de GILD a $104.52
[2025-04-20 21:51:22] INFO: BUY 2 acciones de XOM a $106.92
[2025-04-20 21:51:22] INFO: BUY 3 acciones de CVS a $67.26
[2025-04-20 21:51:23] INFO: BUY 4 acciones de VZ a $44.05
[2025-04-20 21:51:23] INFO: BUY 6 acciones de CMCSA a $34.11
[2025-04-20 21:51:23] INFO: BUY 2 acciones de WFC a $64.70
[2025-04-20 21:51:24] INFO: BUY 16 acciones de PARA a $10.94
[2025-04-20 21:51:24] INFO: BUY 1 acciones de ICE a $158.65
[2025-04-20 21:51:24] INFO: BUY 2 acciones de SCHW a $76.20
[2025-04-20 21:51:24] INFO: BUY 4 acciones de TFC a $35.88
[2025-04-20 21:51:24] INFO: BUY 7 acciones de RF a $19.31
[2025-04-20 21:51:24] INFO: BUY 2 acciones de NEE a $66.28
[2025-04-20 21:51:24] INFO: BUY 6 acciones de CAG a $25.33
[2025-04-20 21:51:24] INFO: BUY 2 acciones de MO a $58.13
[2025-04-20 21:51:25] INFO: BUY 7 acciones de DOC a $18.74
[2025-04-20 21:51:25] INFO: BUY 3 acciones de FITB a $34.13
[2025-04-20 21:51:25] INFO: BUY 1 acciones de ES a $57.41
[2025-04-20 21:51:25] INFO: BUY 1 acciones de BSX a $95.11
[2025-04-20 21:51:25] INFO: BUY 6 acciones de KEY a $14.28
[2025-04-20 21:51:25] INFO: BUY 3 acciones de CTRA a $25.84
[2025-04-20 21:51:25] INFO: BUY 2 acciones de TLT a $87.40
[2025-04-20 21:51:26] INFO: BUY 1 acciones de LQD a $106.74
[2025-04-20 21:51:26] INFO: BUY 2 acciones de IEF a $94.69
[2025-04-20 21:51:26] INFO: BUY 2 acciones de SPLV a $72.14
[2025-04-20 21:51:26] INFO: BUY 2 acciones de USMV a $90.05
[2025-04-20 21:51:29] INFO: Portafolio rebalanceado exitosamente
[2025-04-20 21:51:29] INFO: Estado guardado correctamente
[2025-04-20 21:51:29] INFO: Esperando 30 minutos hasta la próxima verificación...
[2025-04-20 21:56:35] INFO: Interrupción detectada, guardando estado
[2025-04-20 21:56:35] INFO: Estado guardado correctamente
[2025-04-20 21:57:10] INFO: Último rebalanceo cargado: 2025-04-20 21:49:53.429236
[2025-04-20 21:57:10] INFO: Cargados 40 pesos del portafolio anterior
[2025-04-20 21:57:10] INFO: Iniciando estrategia programada con frecuencia de rebalanceo W
[2025-04-20 21:57:10] INFO: Verificando cada 30 minutos si es momento de rebalancear
[2025-04-20 21:57:10] INFO: No es momento de rebalancear (siguiente rebalanceo en 7 días)
[2025-04-20 21:57:10] INFO: Esperando 30 minutos hasta la próxima verificación...
[2025-04-20 21:57:15] INFO: Interrupción detectada, guardando estado
[2025-04-20 21:57:15] INFO: Estado guardado correctamente
[2025-04-20 21:57:27] INFO: No se encontró archivo de estado. Iniciando con valores por defecto.
[2025-04-20 21:57:27] INFO: Iniciando estrategia programada con frecuencia de rebalanceo W
[2025-04-20 21:57:27] INFO: Verificando cada 30 minutos si es momento de rebalancear
[2025-04-20 21:57:27] INFO: Obteniendo tickers del S&P 500...
[2025-04-20 21:57:28] INFO: Obtenidos y guardados 501 tickers negociables del S&P 500
[2025-04-20 21:57:28] INFO: Descargando datos históricos desde 2024-04-20 hasta 2025-04-20...
[2025-04-20 21:57:29] INFO: Seleccionados 9 tickers defensivos disponibles
[2025-04-20 21:57:29] INFO: Intentando obtener datos de Alpaca...
[2025-04-20 21:57:29] WARNING: No se tienen permisos para descargar datos de Alpaca. Cambiando a Yahoo Finance...
[2025-04-20 21:57:29] INFO: Usando Yahoo Finance como fuente de datos...
[2025-04-20 21:57:38] INFO: Datos descargados: 507 tickers con 249 días de datos
[2025-04-20 21:57:38] INFO: Calculando retornos para diferentes períodos...
[2025-04-20 21:57:38] INFO: Calculando características...
[2025-04-20 21:58:50] INFO: Detectando regímenes de mercado...
[2025-04-20 21:58:50] INFO: Generando señales...
[2025-04-20 21:58:51] INFO: Construyendo portafolio para la fecha 2025-04-17 00:00:00...
[2025-04-20 21:58:51] INFO: Aplicando stop loss...
[2025-04-20 21:58:51] INFO: Stop Loss activado para PFE: drawdown -15.85% excede límite -15.00%
[2025-04-20 21:58:51] INFO: Stop Loss activado para UNH: drawdown -24.25% excede límite -15.00%
[2025-04-20 21:58:51] INFO: Stop Loss activado para BMY: drawdown -18.51% excede límite -15.00%
[2025-04-20 21:58:51] INFO: Stop Loss activado para MRK: drawdown -17.66% excede límite -15.00%
[2025-04-20 21:58:51] INFO: Stop Loss activado para ABBV: drawdown -18.36% excede límite -15.00%
[2025-04-20 21:58:51] INFO: Stop Loss activado para GPN: drawdown -30.48% excede límite -15.00%
[2025-04-20 21:58:51] INFO: Stop Loss activado para AMZN: drawdown -16.09% excede límite -15.00%
[2025-04-20 21:58:51] INFO: Stop Loss activado para SBUX: drawdown -18.02% excede límite -15.00%
[2025-04-20 21:58:51] INFO: Stop Loss activado para INTC: drawdown -26.97% excede límite -15.00%
[2025-04-20 21:58:51] INFO: Stop Loss activado para CVX: drawdown -18.18% excede límite -15.00%
[2025-04-20 21:58:51] INFO: Stop Loss activado para DIS: drawdown -16.53% excede límite -15.00%
[2025-04-20 21:58:51] INFO: Stop Loss activado para AES: drawdown -22.64% excede límite -15.00%
[2025-04-20 21:58:51] INFO: Stop Loss activado para FOXA: drawdown -15.90% excede límite -15.00%
[2025-04-20 21:58:51] INFO: Stop Loss activado para LUV: drawdown -28.99% excede límite -15.00%
[2025-04-20 21:58:51] INFO: Stop Loss activado para MMM: drawdown -15.17% excede límite -15.00%
[2025-04-20 21:58:51] INFO: Volatilidad actual del mercado: 43.05%, Multiplicador: 0.46
[2025-04-20 21:58:51] INFO: Estado guardado correctamente
[2025-04-20 21:58:51] INFO: Implementando portafolio en Alpaca...
[2025-04-20 21:58:51] INFO: Valor del portafolio: $15000.00, Efectivo disponible: $15000.00
[2025-04-20 21:58:51] INFO: BUY 9 acciones de T a $27.15 -- 244.35
[2025-04-20 21:58:51] INFO: BUY 2 acciones de PLTR a $93.73 -- 187.46
[2025-04-20 21:58:51] INFO: BUY 9 acciones de KVUE a $23.35 -- 210.15
[2025-04-20 21:58:52] INFO: BUY 4 acciones de CSCO a $55.74 -- 222.96
[2025-04-20 21:58:52] INFO: BUY 2 acciones de ZBH a $97.89 -- 195.78
[2025-04-20 21:58:52] INFO: BUY 20 acciones de WBA a $10.90 -- 218.0
[2025-04-20 21:58:52] INFO: BUY 8 acciones de KMI a $27.10 -- 216.8
[2025-04-20 21:58:52] INFO: BUY 1 acciones de JNJ a $157.44 -- 157.44
[2025-04-20 21:58:52] INFO: BUY 5 acciones de BAC a $37.42 -- 187.10000000000002
[2025-04-20 21:58:52] INFO: BUY 2 acciones de GILD a $104.52 -- 209.04
[2025-04-20 21:58:53] INFO: BUY 2 acciones de XOM a $106.92 -- 213.84
[2025-04-20 21:58:53] INFO: BUY 3 acciones de CVS a $67.26 -- 201.78000000000003
[2025-04-20 21:58:53] INFO: BUY 4 acciones de VZ a $44.05 -- 176.22
[2025-04-20 21:58:53] INFO: BUY 6 acciones de CMCSA a $34.11 -- 204.66
[2025-04-20 21:58:53] INFO: BUY 2 acciones de WFC a $64.70 -- 129.4
[2025-04-20 21:58:54] INFO: BUY 16 acciones de PARA a $10.94 -- 175.04
[2025-04-20 21:58:54] INFO: BUY 1 acciones de ICE a $158.65 -- 158.65
[2025-04-20 21:58:54] INFO: BUY 2 acciones de SCHW a $76.20 -- 152.4
[2025-04-20 21:58:54] INFO: BUY 4 acciones de TFC a $35.88 -- 143.5
[2025-04-20 21:58:54] INFO: BUY 7 acciones de RF a $19.31 -- 135.17
[2025-04-20 21:58:54] INFO: BUY 2 acciones de NEE a $66.28 -- 132.56
[2025-04-20 21:58:54] INFO: BUY 6 acciones de CAG a $25.33 -- 151.98
[2025-04-20 21:58:54] INFO: BUY 2 acciones de MO a $58.13 -- 116.26
[2025-04-20 21:58:54] INFO: BUY 7 acciones de DOC a $18.74 -- 131.17999999999998
[2025-04-20 21:58:54] INFO: BUY 3 acciones de FITB a $34.13 -- 102.39000000000001
[2025-04-20 21:58:55] INFO: BUY 1 acciones de ES a $57.41 -- 57.41
[2025-04-20 21:58:55] INFO: BUY 1 acciones de BSX a $95.11 -- 95.11
[2025-04-20 21:58:55] INFO: BUY 6 acciones de KEY a $14.28 -- 85.67999999999999
[2025-04-20 21:58:55] INFO: BUY 3 acciones de CTRA a $25.84 -- 77.52
[2025-04-20 21:58:55] INFO: BUY 2 acciones de TLT a $87.40 -- 174.8
[2025-04-20 21:58:55] INFO: BUY 1 acciones de LQD a $106.74 -- 106.74
[2025-04-20 21:58:55] INFO: BUY 2 acciones de IEF a $94.69 -- 189.38
[2025-04-20 21:58:56] INFO: BUY 2 acciones de SPLV a $72.14 -- 144.28
[2025-04-20 21:58:56] INFO: BUY 2 acciones de USMV a $90.05 -- 180.1
[2025-04-20 21:58:59] INFO: Portafolio rebalanceado exitosamente
[2025-04-20 21:58:59] INFO: Estado guardado correctamente
[2025-04-20 21:58:59] INFO: Esperando 30 minutos hasta la próxima verificación...
[2025-04-20 22:00:31] INFO: Interrupción detectada, guardando estado
[2025-04-20 22:00:31] INFO: Estado guardado correctamente
[2025-04-20 22:00:42] INFO: No se encontró archivo de estado. Iniciando con valores por defecto.
[2025-04-20 22:00:42] INFO: Iniciando estrategia programada con frecuencia de rebalanceo W
[2025-04-20 22:00:42] INFO: Verificando cada 30 minutos si es momento de rebalancear
[2025-04-20 22:00:42] INFO: Obteniendo tickers del S&P 500...
[2025-04-20 22:00:44] INFO: Obtenidos y guardados 501 tickers negociables del S&P 500
[2025-04-20 22:00:44] INFO: Descargando datos históricos desde 2024-04-20 hasta 2025-04-20...
[2025-04-20 22:00:45] INFO: Seleccionados 9 tickers defensivos disponibles
[2025-04-20 22:00:45] INFO: Intentando obtener datos de Alpaca...
[2025-04-20 22:00:45] WARNING: No se tienen permisos para descargar datos de Alpaca. Cambiando a Yahoo Finance...
[2025-04-20 22:00:45] INFO: Usando Yahoo Finance como fuente de datos...
[2025-04-20 22:00:54] INFO: Datos descargados: 507 tickers con 249 días de datos
[2025-04-20 22:00:54] INFO: Calculando retornos para diferentes períodos...
[2025-04-20 22:00:54] INFO: Calculando características...
[2025-04-20 22:02:08] INFO: Detectando regímenes de mercado...
[2025-04-20 22:02:08] INFO: Generando señales...
[2025-04-20 22:02:08] INFO: Construyendo portafolio para la fecha 2025-04-17 00:00:00...
[2025-04-20 22:02:08] INFO: Aplicando stop loss...
[2025-04-20 22:02:08] INFO: Stop Loss activado para PFE: drawdown -15.85% excede límite -15.00%
[2025-04-20 22:02:08] INFO: Stop Loss activado para UNH: drawdown -24.25% excede límite -15.00%
[2025-04-20 22:02:08] INFO: Stop Loss activado para BMY: drawdown -18.51% excede límite -15.00%
[2025-04-20 22:02:08] INFO: Stop Loss activado para MRK: drawdown -17.66% excede límite -15.00%
[2025-04-20 22:02:08] INFO: Stop Loss activado para ABBV: drawdown -18.36% excede límite -15.00%
[2025-04-20 22:02:08] INFO: Stop Loss activado para GPN: drawdown -30.48% excede límite -15.00%
[2025-04-20 22:02:08] INFO: Stop Loss activado para AMZN: drawdown -16.09% excede límite -15.00%
[2025-04-20 22:02:08] INFO: Stop Loss activado para SBUX: drawdown -18.02% excede límite -15.00%
[2025-04-20 22:02:08] INFO: Stop Loss activado para INTC: drawdown -26.97% excede límite -15.00%
[2025-04-20 22:02:08] INFO: Stop Loss activado para CVX: drawdown -18.18% excede límite -15.00%
[2025-04-20 22:02:08] INFO: Stop Loss activado para DIS: drawdown -16.53% excede límite -15.00%
[2025-04-20 22:02:08] INFO: Stop Loss activado para AES: drawdown -22.64% excede límite -15.00%
[2025-04-20 22:02:08] INFO: Stop Loss activado para FOXA: drawdown -15.90% excede límite -15.00%
[2025-04-20 22:02:08] INFO: Stop Loss activado para LUV: drawdown -28.99% excede límite -15.00%
[2025-04-20 22:02:08] INFO: Stop Loss activado para MMM: drawdown -15.17% excede límite -15.00%
[2025-04-20 22:02:08] INFO: Volatilidad actual del mercado: 43.05%, Multiplicador: 0.46
[2025-04-20 22:02:08] INFO: Estado guardado correctamente
[2025-04-20 22:02:08] INFO: Implementando portafolio en Alpaca...
[2025-04-20 22:02:09] INFO: Valor del portafolio: $15000.00, Efectivo disponible: $15000.00
[2025-04-20 22:02:09] INFO: BUY 9 acciones de T a $27.15 -- 244.35
[2025-04-20 22:02:09] INFO: BUY 2 acciones de PLTR a $93.73 -- 187.46
[2025-04-20 22:02:09] INFO: BUY 9 acciones de KVUE a $23.35 -- 210.15
[2025-04-20 22:02:10] INFO: BUY 4 acciones de CSCO a $55.74 -- 222.96
[2025-04-20 22:02:10] INFO: BUY 2 acciones de ZBH a $97.89 -- 195.78
[2025-04-20 22:02:10] INFO: BUY 20 acciones de WBA a $10.90 -- 218.0
[2025-04-20 22:02:10] INFO: BUY 8 acciones de KMI a $27.10 -- 216.8
[2025-04-20 22:02:10] INFO: BUY 1 acciones de JNJ a $157.44 -- 157.44
[2025-04-20 22:02:10] INFO: BUY 5 acciones de BAC a $37.42 -- 187.10000000000002
[2025-04-20 22:02:10] INFO: BUY 2 acciones de GILD a $104.52 -- 209.04
[2025-04-20 22:02:10] INFO: BUY 2 acciones de XOM a $106.92 -- 213.84
[2025-04-20 22:02:10] INFO: BUY 3 acciones de CVS a $67.26 -- 201.78000000000003
[2025-04-20 22:02:11] INFO: BUY 4 acciones de VZ a $44.05 -- 176.22
[2025-04-20 22:02:11] INFO: BUY 6 acciones de CMCSA a $34.11 -- 204.66
[2025-04-20 22:02:11] INFO: BUY 2 acciones de WFC a $64.70 -- 129.4
[2025-04-20 22:02:11] INFO: BUY 16 acciones de PARA a $10.94 -- 175.04
[2025-04-20 22:02:11] INFO: BUY 1 acciones de ICE a $158.65 -- 158.65
[2025-04-20 22:02:11] INFO: BUY 2 acciones de SCHW a $76.20 -- 152.4
[2025-04-20 22:02:11] INFO: BUY 4 acciones de TFC a $35.88 -- 143.5
[2025-04-20 22:02:11] INFO: BUY 7 acciones de RF a $19.31 -- 135.17
[2025-04-20 22:02:11] INFO: BUY 2 acciones de NEE a $66.28 -- 132.56
[2025-04-20 22:02:11] INFO: BUY 6 acciones de CAG a $25.33 -- 151.98
[2025-04-20 22:02:12] INFO: BUY 2 acciones de MO a $58.13 -- 116.26
[2025-04-20 22:02:12] INFO: BUY 7 acciones de DOC a $18.74 -- 131.17999999999998
[2025-04-20 22:02:12] INFO: BUY 3 acciones de FITB a $34.13 -- 102.39000000000001
[2025-04-20 22:02:12] INFO: BUY 1 acciones de ES a $57.41 -- 57.41
[2025-04-20 22:02:12] INFO: BUY 1 acciones de BSX a $95.11 -- 95.11
[2025-04-20 22:02:12] INFO: BUY 6 acciones de KEY a $14.28 -- 85.67999999999999
[2025-04-20 22:02:12] INFO: BUY 3 acciones de CTRA a $25.84 -- 77.52
[2025-04-20 22:02:13] INFO: BUY 2 acciones de TLT a $87.40 -- 174.8
[2025-04-20 22:02:13] INFO: BUY 1 acciones de LQD a $106.74 -- 106.74
[2025-04-20 22:02:13] INFO: BUY 2 acciones de IEF a $94.69 -- 189.38
[2025-04-20 22:02:13] INFO: BUY 2 acciones de SPLV a $72.14 -- 144.28
[2025-04-20 22:02:13] INFO: BUY 2 acciones de USMV a $90.05 -- 180.1
[2025-04-20 22:02:16] INFO: Portafolio rebalanceado exitosamente
[2025-04-20 22:02:16] INFO: Estado guardado correctamente
[2025-04-20 22:02:16] INFO: Esperando 30 minutos hasta la próxima verificación...
[2025-04-20 22:32:16] INFO: Estado guardado correctamente
[2025-04-20 22:32:16] INFO: No es momento de rebalancear (siguiente rebalanceo en 7 días)
[2025-04-20 22:32:16] INFO: Esperando 30 minutos hasta la próxima verificación...
[2025-04-20 23:02:16] INFO: Estado guardado correctamente
[2025-04-20 23:02:16] INFO: No es momento de rebalancear (siguiente rebalanceo en 7 días)
[2025-04-20 23:02:16] INFO: Esperando 30 minutos hasta la próxima verificación...
[2025-04-20 23:32:16] INFO: Estado guardado correctamente
[2025-04-20 23:32:16] INFO: No es momento de rebalancear (siguiente rebalanceo en 7 días)
[2025-04-20 23:32:16] INFO: Esperando 30 minutos hasta la próxima verificación...
[2025-04-21 00:02:16] INFO: Estado guardado correctamente
[2025-04-21 00:02:16] INFO: No es momento de rebalancear (siguiente rebalanceo en 7 días)
[2025-04-21 00:02:16] INFO: Esperando 30 minutos hasta la próxima verificación...
[2025-04-21 00:32:16] INFO: Estado guardado correctamente
[2025-04-21 00:32:16] INFO: No es momento de rebalancear (siguiente rebalanceo en 7 días)
[2025-04-21 00:32:16] INFO: Esperando 30 minutos hasta la próxima verificación...
[2025-04-21 01:02:16] INFO: Estado guardado correctamente
[2025-04-21 01:02:16] INFO: No es momento de rebalancear (siguiente rebalanceo en 7 días)
[2025-04-21 01:02:16] INFO: Esperando 30 minutos hasta la próxima verificación...
[2025-04-21 01:32:16] INFO: Estado guardado correctamente
[2025-04-21 01:32:16] INFO: No es momento de rebalancear (siguiente rebalanceo en 7 días)
[2025-04-21 01:32:16] INFO: Esperando 30 minutos hasta la próxima verificación...
[2025-04-21 02:02:16] INFO: Estado guardado correctamente
[2025-04-21 02:02:16] INFO: No es momento de rebalancear (siguiente rebalanceo en 7 días)
[2025-04-21 02:02:16] INFO: Esperando 30 minutos hasta la próxima verificación...
[2025-04-21 02:32:16] INFO: Estado guardado correctamente
[2025-04-21 02:32:16] INFO: No es momento de rebalancear (siguiente rebalanceo en 7 días)
[2025-04-21 02:32:16] INFO: Esperando 30 minutos hasta la próxima verificación...
[2025-04-21 03:02:16] INFO: Estado guardado correctamente
[2025-04-21 03:02:16] INFO: No es momento de rebalancear (siguiente rebalanceo en 7 días)
[2025-04-21 03:02:16] INFO: Esperando 30 minutos hasta la próxima verificación...
[2025-04-21 03:32:16] INFO: Estado guardado correctamente
[2025-04-21 03:32:16] INFO: No es momento de rebalancear (siguiente rebalanceo en 7 días)
[2025-04-21 03:32:16] INFO: Esperando 30 minutos hasta la próxima verificación...
[2025-04-21 04:02:16] INFO: Estado guardado correctamente
[2025-04-21 04:02:16] INFO: No es momento de rebalancear (siguiente rebalanceo en 7 días)
[2025-04-21 04:02:16] INFO: Esperando 30 minutos hasta la próxima verificación...
[2025-04-21 04:32:16] INFO: Estado guardado correctamente
[2025-04-21 04:32:16] INFO: No es momento de rebalancear (siguiente rebalanceo en 7 días)
[2025-04-21 04:32:16] INFO: Esperando 30 minutos hasta la próxima verificación...
[2025-04-21 05:02:16] INFO: Estado guardado correctamente
[2025-04-21 05:02:16] INFO: No es momento de rebalancear (siguiente rebalanceo en 7 días)
[2025-04-21 05:02:16] INFO: Esperando 30 minutos hasta la próxima verificación...
[2025-04-21 05:32:16] INFO: Estado guardado correctamente
[2025-04-21 05:32:16] INFO: No es momento de rebalancear (siguiente rebalanceo en 7 días)
[2025-04-21 05:32:16] INFO: Esperando 30 minutos hasta la próxima verificación...
[2025-04-21 06:02:16] INFO: Estado guardado correctamente
[2025-04-21 06:02:16] INFO: No es momento de rebalancear (siguiente rebalanceo en 7 días)
[2025-04-21 06:02:16] INFO: Esperando 30 minutos hasta la próxima verificación...
[2025-04-21 06:32:16] INFO: Estado guardado correctamente
[2025-04-21 06:32:16] INFO: No es momento de rebalancear (siguiente rebalanceo en 7 días)
[2025-04-21 06:32:16] INFO: Esperando 30 minutos hasta la próxima verificación...
[2025-04-21 07:02:16] INFO: Estado guardado correctamente
[2025-04-21 07:02:16] INFO: No es momento de rebalancear (siguiente rebalanceo en 7 días)
[2025-04-21 07:02:16] INFO: Esperando 30 minutos hasta la próxima verificación...
[2025-04-21 07:32:16] INFO: Estado guardado correctamente
[2025-04-21 07:32:16] INFO: No es momento de rebalancear (siguiente rebalanceo en 7 días)
[2025-04-21 07:32:16] INFO: Esperando 30 minutos hasta la próxima verificación...
[2025-04-21 08:02:16] INFO: Estado guardado correctamente
[2025-04-21 08:02:16] INFO: No es momento de rebalancear (siguiente rebalanceo en 7 días)
[2025-04-21 08:02:16] INFO: Esperando 30 minutos hasta la próxima verificación...
[2025-04-21 08:32:16] INFO: Estado guardado correctamente
[2025-04-21 08:32:16] INFO: No es momento de rebalancear (siguiente rebalanceo en 7 días)
[2025-04-21 08:32:16] INFO: Esperando 30 minutos hasta la próxima verificación...
[2025-04-21 09:02:16] INFO: Estado guardado correctamente
[2025-04-21 09:02:16] INFO: No es momento de rebalancear (siguiente rebalanceo en 7 días)
[2025-04-21 09:02:16] INFO: Esperando 30 minutos hasta la próxima verificación...
[2025-04-21 09:32:16] INFO: Estado guardado correctamente
[2025-04-21 09:32:16] INFO: No es momento de rebalancear (siguiente rebalanceo en 7 días)
[2025-04-21 09:32:16] INFO: Esperando 30 minutos hasta la próxima verificación...
